<!DOCTYPE html PUBLIC "-//W3C//DTD XHTML 1.1//EN" "https://www.w3.org/TR/xhtml11/DTD/xhtml11.dtd">
<html xmlns="https://www.w3.org/1999/xhtml">
<head>
<meta http-equiv="content-type" content="text/html; charset=UTF-8"/>
<title>TestNG Report</title>
<style type="text/css">table {margin-bottom:10px;border-collapse:collapse;empty-cells:show}th,td {border:1px solid #009;padding:.25em .5em}th {vertical-align:bottom}td {vertical-align:top}table a {font-weight:bold}.stripe td {background-color: #E6EBF9}.num {text-align:right}.passedodd td {background-color: #3F3}.passedeven td {background-color: #0A0}.skippedodd td {background-color: #DDD}.skippedeven td {background-color: #CCC}.failedodd td,.attn {background-color: #F33}.failedeven td,.stripe .attn {background-color: #D00}.stacktrace {white-space:pre;font-family:monospace}.totop {font-size:85%;text-align:center;border-bottom:2px solid #000}.invisible {display:none}</style>
</head>
<body>
<table>
<tr><th>Test</th><th># Passed</th><th># Skipped</th><th># Retried</th><th># Failed</th><th>Time (ms)</th><th>Included Groups</th><th>Excluded Groups</th></tr>
<tr><th colspan="8">Suite</th></tr>
<tr><td><a href="#t0">TestOnChrome-0</a></td><td class="num">0</td><td class="num">0</td><td class="num">0</td><td class="num attn">3</td><td class="num">29,889</td><td></td><td></td></tr>
<tr class="stripe"><td><a href="#t1">TestOnChrome-1</a></td><td class="num">0</td><td class="num">0</td><td class="num">0</td><td class="num attn">3</td><td class="num">42,432</td><td></td><td></td></tr>
<tr><th>Total</th><th class="num">0</th><th class="num">0</th><th class="num">0</th><th class="num attn">6</th><th class="num">72,321</th><th colspan="2"></th></tr>
</table>
<table id='summary'><thead><tr><th>Class</th><th>Method</th><th>Start</th><th>Time (ms)</th></tr></thead><tbody><tr><th colspan="4">Suite</th></tr></tbody><tbody id="t0"><tr><th colspan="4">TestOnChrome-0 &#8212; failed</th></tr><tr class="failedeven"><td rowspan="3">runners.TestRunner</td><td><a href="#m0">runScenario</a></td><td rowspan="3">1703695049936</td><td rowspan="3">6235</td></tr><tr class="failedeven"><td><a href="#m1">runScenario</a></td></tr><tr class="failedeven"><td><a href="#m2">runScenario</a></td></tr></tbody>
<tbody id="t1"><tr><th colspan="4">TestOnChrome-1 &#8212; failed</th></tr><tr class="failedeven"><td rowspan="3">runners.TestRunner</td><td><a href="#m3">runScenario</a></td><td rowspan="3">1703695068058</td><td rowspan="3">3935</td></tr><tr class="failedeven"><td><a href="#m4">runScenario</a></td></tr><tr class="failedeven"><td><a href="#m5">runScenario</a></td></tr></tbody>
</table>
<h2>TestOnChrome-0</h2><h3 id="m0">runners.TestRunner#runScenario</h3><table class="result"><tr class="param"><th>Parameter #1</th><th>Parameter #2</th></tr><tr class="param stripe"><td>&quot;Verify that product Details are displayed&quot;</td><td>&quot;Checkout Feature&quot;</td></tr><tr><th colspan="2">Exception</th></tr><tr><td colspan="2"><div class="stacktrace">org.openqa.selenium.ElementClickInterceptedException: element click intercepted: Element &lt;a rel=&quot;nofollow&quot; href=&quot;/?add-to-cart=163&quot; data-quantity=&quot;1&quot; data-product_id=&quot;163&quot; data-product_sku=&quot;&quot; class=&quot;button product_type_simple add_to_cart_button ajax_add_to_cart&quot;&gt;...&lt;/a&gt; is not clickable at point (959, 130). Other element would receive the click: &lt;div class=&quot;fc-dialog-overlay&quot;&gt;&lt;/div&gt;
  (Session info: chrome=120.0.6099.63)
Build info: version: &apos;4.16.1&apos;, revision: &apos;9b4c83354e&apos;
System info: os.name: &apos;Windows 10&apos;, os.arch: &apos;amd64&apos;, os.version: &apos;10.0&apos;, java.version: &apos;17.0.8.1&apos;
Driver info: org.openqa.selenium.remote.RemoteWebDriver
Command: [f052c9080a755403ba1dd86014fd7f2459a6a352, clickElement {id=0F39B84016835EF23B05B0329E3133F0_element_214}]
Capabilities {acceptInsecureCerts: false, browserName: chrome, browserVersion: 120.0.6099.63, chrome: {chromedriverVersion: 120.0.6099.62 (93ab19d804d4..., userDataDir: C:\Windows\proxy\scoped_dir...}, fedcm:accounts: true, goog:chromeOptions: {debuggerAddress: localhost:2836}, networkConnectionEnabled: false, optimalHubUrl: hub-euw.browserstack.com, pageLoadStrategy: normal, platformName: windows, proxy: Proxy(), setWindowRect: true, strictFileInteractability: false, timeouts: {implicit: 0, pageLoad: 300000, script: 30000}, unhandledPromptBehavior: dismiss and notify, webauthn:extension:credBlob: true, webauthn:extension:largeBlob: true, webauthn:extension:minPinLength: true, webauthn:extension:prf: true, webauthn:virtualAuthenticators: true, webdriver.remote.sessionid: f052c9080a755403ba1dd86014f...}
Element: [[RemoteWebDriver: chrome on windows (f052c9080a755403ba1dd86014fd7f2459a6a352)] -&gt; xpath: //a[contains(text(),&apos;Add to basket&apos;)]]
Session ID: f052c9080a755403ba1dd86014fd7f2459a6a352
	at org.openqa.selenium.remote.codec.w3c.W3CHttpResponseCodec.createException(W3CHttpResponseCodec.java:200)
	at org.openqa.selenium.remote.codec.w3c.W3CHttpResponseCodec.decode(W3CHttpResponseCodec.java:133)
	at org.openqa.selenium.remote.codec.w3c.W3CHttpResponseCodec.decode(W3CHttpResponseCodec.java:52)
	at org.openqa.selenium.remote.HttpCommandExecutor.execute(HttpCommandExecutor.java:191)
	at org.openqa.selenium.remote.RemoteWebDriver.execute(RemoteWebDriver.java:523)
	at org.openqa.selenium.remote.RemoteWebElement.execute(RemoteWebElement.java:224)
	at org.openqa.selenium.remote.RemoteWebElement.click(RemoteWebElement.java:77)
	at pages.HomePage.clickOnAddToBasketBasedOnProductName(HomePage.java:96)
	at stepDefinitions.CartSteps.user_is_navigated_to_shopping_cart_page(CartSteps.java:21)
	at ✽.User is adding &quot;Thinking in HTML&quot; book to the Shopping cart page(file:///C:/Users/mohamed.abdelrahman/Documents/QProf-Assignment/AutomationPracticeWebApp/webApp/src/test/java/features/Checkout.feature:7)
... Removed 5 stack frames</div></td></tr></table><p class="totop"><a href="#summary">back to summary</a></p>
<h3 id="m1">runners.TestRunner#runScenario</h3><table class="result"><tr class="param"><th>Parameter #1</th><th>Parameter #2</th></tr><tr class="param stripe"><td>&quot;Proceed To Checkout and veriy the Billing details Form&quot;</td><td>&quot;Checkout Feature&quot;</td></tr><tr><th colspan="2">Exception</th></tr><tr><td colspan="2"><div class="stacktrace">org.openqa.selenium.ElementClickInterceptedException: element click intercepted: Element &lt;a rel=&quot;nofollow&quot; href=&quot;/?add-to-cart=163&quot; data-quantity=&quot;1&quot; data-product_id=&quot;163&quot; data-product_sku=&quot;&quot; class=&quot;button product_type_simple add_to_cart_button ajax_add_to_cart&quot;&gt;...&lt;/a&gt; is not clickable at point (959, 130). Other element would receive the click: &lt;div class=&quot;fc-dialog-overlay&quot;&gt;&lt;/div&gt;
  (Session info: chrome=120.0.6099.63)
Build info: version: &apos;4.16.1&apos;, revision: &apos;9b4c83354e&apos;
System info: os.name: &apos;Windows 10&apos;, os.arch: &apos;amd64&apos;, os.version: &apos;10.0&apos;, java.version: &apos;17.0.8.1&apos;
Driver info: org.openqa.selenium.remote.RemoteWebDriver
Command: [6f2e6404ee1642110c73bb24f694f38134a16bf6, clickElement {id=B142BED8717810B2AB27F2FA2B637780_element_193}]
Capabilities {acceptInsecureCerts: false, browserName: chrome, browserVersion: 120.0.6099.63, chrome: {chromedriverVersion: 120.0.6099.62 (93ab19d804d4..., userDataDir: C:\Windows\proxy\scoped_dir...}, fedcm:accounts: true, goog:chromeOptions: {debuggerAddress: localhost:2821}, networkConnectionEnabled: false, optimalHubUrl: hub-euw.browserstack.com, pageLoadStrategy: normal, platformName: windows, proxy: Proxy(), setWindowRect: true, strictFileInteractability: false, timeouts: {implicit: 0, pageLoad: 300000, script: 30000}, unhandledPromptBehavior: dismiss and notify, webauthn:extension:credBlob: true, webauthn:extension:largeBlob: true, webauthn:extension:minPinLength: true, webauthn:extension:prf: true, webauthn:virtualAuthenticators: true, webdriver.remote.sessionid: 6f2e6404ee1642110c73bb24f69...}
Element: [[RemoteWebDriver: chrome on windows (6f2e6404ee1642110c73bb24f694f38134a16bf6)] -&gt; xpath: //a[contains(text(),&apos;Add to basket&apos;)]]
Session ID: 6f2e6404ee1642110c73bb24f694f38134a16bf6
	at org.openqa.selenium.remote.codec.w3c.W3CHttpResponseCodec.createException(W3CHttpResponseCodec.java:200)
	at org.openqa.selenium.remote.codec.w3c.W3CHttpResponseCodec.decode(W3CHttpResponseCodec.java:133)
	at org.openqa.selenium.remote.codec.w3c.W3CHttpResponseCodec.decode(W3CHttpResponseCodec.java:52)
	at org.openqa.selenium.remote.HttpCommandExecutor.execute(HttpCommandExecutor.java:191)
	at org.openqa.selenium.remote.RemoteWebDriver.execute(RemoteWebDriver.java:523)
	at org.openqa.selenium.remote.RemoteWebElement.execute(RemoteWebElement.java:224)
	at org.openqa.selenium.remote.RemoteWebElement.click(RemoteWebElement.java:77)
	at pages.HomePage.clickOnAddToBasketBasedOnProductName(HomePage.java:96)
	at stepDefinitions.CartSteps.user_is_navigated_to_shopping_cart_page(CartSteps.java:21)
	at ✽.User is adding &quot;Thinking in HTML&quot; book to the Shopping cart page(file:///C:/Users/mohamed.abdelrahman/Documents/QProf-Assignment/AutomationPracticeWebApp/webApp/src/test/java/features/Checkout.feature:13)
... Removed 5 stack frames</div></td></tr></table><p class="totop"><a href="#summary">back to summary</a></p>
<h3 id="m2">runners.TestRunner#runScenario</h3><table class="result"><tr class="param"><th>Parameter #1</th><th>Parameter #2</th></tr><tr class="param stripe"><td>&quot;Check that an item is exist&quot;</td><td>&quot;Add an item to the cart&quot;</td></tr><tr><th colspan="2">Exception</th></tr><tr><td colspan="2"><div class="stacktrace">org.openqa.selenium.ElementClickInterceptedException: element click intercepted: Element &lt;a rel=&quot;nofollow&quot; href=&quot;/?add-to-cart=163&quot; data-quantity=&quot;1&quot; data-product_id=&quot;163&quot; data-product_sku=&quot;&quot; class=&quot;button product_type_simple add_to_cart_button ajax_add_to_cart&quot;&gt;...&lt;/a&gt; is not clickable at point (959, 130). Other element would receive the click: &lt;div class=&quot;fc-dialog-overlay&quot;&gt;&lt;/div&gt;
  (Session info: chrome=120.0.6099.63)
Build info: version: &apos;4.16.1&apos;, revision: &apos;9b4c83354e&apos;
System info: os.name: &apos;Windows 10&apos;, os.arch: &apos;amd64&apos;, os.version: &apos;10.0&apos;, java.version: &apos;17.0.8.1&apos;
Driver info: org.openqa.selenium.remote.RemoteWebDriver
Command: [f5d362d0fc3f3f8da4e74db4f135bd43e1df2fcf, clickElement {id=0BCEB4EA6A491E4AAE649F78A89DC3B6_element_214}]
Capabilities {acceptInsecureCerts: false, browserName: chrome, browserVersion: 120.0.6099.63, chrome: {chromedriverVersion: 120.0.6099.62 (93ab19d804d4..., userDataDir: C:\Windows\proxy\scoped_dir...}, fedcm:accounts: true, goog:chromeOptions: {debuggerAddress: localhost:2812}, networkConnectionEnabled: false, optimalHubUrl: hub-euw.browserstack.com, pageLoadStrategy: normal, platformName: windows, proxy: Proxy(), setWindowRect: true, strictFileInteractability: false, timeouts: {implicit: 0, pageLoad: 300000, script: 30000}, unhandledPromptBehavior: dismiss and notify, webauthn:extension:credBlob: true, webauthn:extension:largeBlob: true, webauthn:extension:minPinLength: true, webauthn:extension:prf: true, webauthn:virtualAuthenticators: true, webdriver.remote.sessionid: f5d362d0fc3f3f8da4e74db4f13...}
Element: [[RemoteWebDriver: chrome on windows (f5d362d0fc3f3f8da4e74db4f135bd43e1df2fcf)] -&gt; xpath: //a[contains(text(),&apos;Add to basket&apos;)]]
Session ID: f5d362d0fc3f3f8da4e74db4f135bd43e1df2fcf
	at org.openqa.selenium.remote.codec.w3c.W3CHttpResponseCodec.createException(W3CHttpResponseCodec.java:200)
	at org.openqa.selenium.remote.codec.w3c.W3CHttpResponseCodec.decode(W3CHttpResponseCodec.java:133)
	at org.openqa.selenium.remote.codec.w3c.W3CHttpResponseCodec.decode(W3CHttpResponseCodec.java:52)
	at org.openqa.selenium.remote.HttpCommandExecutor.execute(HttpCommandExecutor.java:191)
	at org.openqa.selenium.remote.RemoteWebDriver.execute(RemoteWebDriver.java:523)
	at org.openqa.selenium.remote.RemoteWebElement.execute(RemoteWebElement.java:224)
	at org.openqa.selenium.remote.RemoteWebElement.click(RemoteWebElement.java:77)
	at pages.HomePage.clickOnAddToBasketBasedOnProductName(HomePage.java:96)
	at stepDefinitions.ShoppingSteps.thinking_in_html_book_is_displayed_along_with_its_price(ShoppingSteps.java:34)
	at ✽.The &quot;Thinking in HTML&quot; book is displayed along with its price(file:///C:/Users/mohamed.abdelrahman/Documents/QProf-Assignment/AutomationPracticeWebApp/webApp/src/test/java/features/Shopping.feature:7)
... Removed 5 stack frames</div></td></tr></table><p class="totop"><a href="#summary">back to summary</a></p>
<h2>TestOnChrome-1</h2><h3 id="m3">runners.TestRunner#runScenario</h3><table class="result"><tr class="param"><th>Parameter #1</th><th>Parameter #2</th></tr><tr class="param stripe"><td>&quot;Verify that product Details are displayed&quot;</td><td>&quot;Checkout Feature&quot;</td></tr><tr><th colspan="2">Exception</th></tr><tr><td colspan="2"><div class="stacktrace">org.openqa.selenium.ElementClickInterceptedException: Element &lt;a class=&quot;button product_type_simple add_to_cart_button ajax_add_to_cart&quot; href=&quot;/?add-to-cart=163&quot;&gt; is not clickable at point (959,153) because another element &lt;div class=&quot;fc-dialog-overlay&quot;&gt; obscures it
Build info: version: &apos;4.16.1&apos;, revision: &apos;9b4c83354e&apos;
System info: os.name: &apos;Windows 10&apos;, os.arch: &apos;amd64&apos;, os.version: &apos;10.0&apos;, java.version: &apos;17.0.8.1&apos;
Driver info: org.openqa.selenium.remote.RemoteWebDriver
Command: [98175ea6055733b201f522ee49a2ee908f5938b7, clickElement {id=ba24402d-c5ef-4ea2-ac2f-5e0981c2c2ca}]
Capabilities {acceptInsecureCerts: false, browserName: firefox, browserVersion: 121.0, moz:accessibilityChecks: false, moz:buildID: 20231211174248, moz:geckodriverVersion: 0.33.0, moz:headless: false, moz:platformVersion: 10.0, moz:processID: 2996, moz:profile: C:\Windows\proxy\rust_mozpr..., moz:shutdownTimeout: 60000, moz:webdriverClick: true, moz:windowless: false, optimalHubUrl: hub-euw.browserstack.com, pageLoadStrategy: normal, platformName: windows, proxy: Proxy(), setWindowRect: true, strictFileInteractability: false, timeouts: {implicit: 0, pageLoad: 300000, script: 30000}, unhandledPromptBehavior: dismiss and notify, webdriver.remote.sessionid: 98175ea6055733b201f522ee49a...}
Element: [[RemoteWebDriver: firefox on windows (98175ea6055733b201f522ee49a2ee908f5938b7)] -&gt; xpath: //a[contains(text(),&apos;Add to basket&apos;)]]
Session ID: 98175ea6055733b201f522ee49a2ee908f5938b7
	at org.openqa.selenium.remote.codec.w3c.W3CHttpResponseCodec.createException(W3CHttpResponseCodec.java:200)
	at org.openqa.selenium.remote.codec.w3c.W3CHttpResponseCodec.decode(W3CHttpResponseCodec.java:133)
	at org.openqa.selenium.remote.codec.w3c.W3CHttpResponseCodec.decode(W3CHttpResponseCodec.java:52)
	at org.openqa.selenium.remote.HttpCommandExecutor.execute(HttpCommandExecutor.java:191)
	at org.openqa.selenium.remote.RemoteWebDriver.execute(RemoteWebDriver.java:523)
	at org.openqa.selenium.remote.RemoteWebElement.execute(RemoteWebElement.java:224)
	at org.openqa.selenium.remote.RemoteWebElement.click(RemoteWebElement.java:77)
	at pages.HomePage.clickOnAddToBasketBasedOnProductName(HomePage.java:96)
	at stepDefinitions.CartSteps.user_is_navigated_to_shopping_cart_page(CartSteps.java:21)
	at ✽.User is adding &quot;Thinking in HTML&quot; book to the Shopping cart page(file:///C:/Users/mohamed.abdelrahman/Documents/QProf-Assignment/AutomationPracticeWebApp/webApp/src/test/java/features/Checkout.feature:7)
... Removed 5 stack frames</div></td></tr></table><p class="totop"><a href="#summary">back to summary</a></p>
<h3 id="m4">runners.TestRunner#runScenario</h3><table class="result"><tr class="param"><th>Parameter #1</th><th>Parameter #2</th></tr><tr class="param stripe"><td>&quot;Proceed To Checkout and veriy the Billing details Form&quot;</td><td>&quot;Checkout Feature&quot;</td></tr><tr><th colspan="2">Exception</th></tr><tr><td colspan="2"><div class="stacktrace">org.openqa.selenium.ElementClickInterceptedException: Element &lt;a class=&quot;button product_type_simple add_to_cart_button ajax_add_to_cart&quot; href=&quot;/?add-to-cart=163&quot;&gt; is not clickable at point (959,153) because another element &lt;div class=&quot;fc-dialog-overlay&quot;&gt; obscures it
Build info: version: &apos;4.16.1&apos;, revision: &apos;9b4c83354e&apos;
System info: os.name: &apos;Windows 10&apos;, os.arch: &apos;amd64&apos;, os.version: &apos;10.0&apos;, java.version: &apos;17.0.8.1&apos;
Driver info: org.openqa.selenium.remote.RemoteWebDriver
Command: [508482adf30ffc602290de7b1f846a2b5c01d367, clickElement {id=27790aa2-90de-4dd7-84b9-1a19d168c078}]
Capabilities {acceptInsecureCerts: false, browserName: firefox, browserVersion: 121.0, moz:accessibilityChecks: false, moz:buildID: 20231211174248, moz:geckodriverVersion: 0.33.0, moz:headless: false, moz:platformVersion: 10.0, moz:processID: 15556, moz:profile: C:\Windows\proxy\rust_mozpr..., moz:shutdownTimeout: 60000, moz:webdriverClick: true, moz:windowless: false, optimalHubUrl: hub-euw.browserstack.com, pageLoadStrategy: normal, platformName: windows, proxy: Proxy(), setWindowRect: true, strictFileInteractability: false, timeouts: {implicit: 0, pageLoad: 300000, script: 30000}, unhandledPromptBehavior: dismiss and notify, webdriver.remote.sessionid: 508482adf30ffc602290de7b1f8...}
Element: [[RemoteWebDriver: firefox on windows (508482adf30ffc602290de7b1f846a2b5c01d367)] -&gt; xpath: //a[contains(text(),&apos;Add to basket&apos;)]]
Session ID: 508482adf30ffc602290de7b1f846a2b5c01d367
	at org.openqa.selenium.remote.codec.w3c.W3CHttpResponseCodec.createException(W3CHttpResponseCodec.java:200)
	at org.openqa.selenium.remote.codec.w3c.W3CHttpResponseCodec.decode(W3CHttpResponseCodec.java:133)
	at org.openqa.selenium.remote.codec.w3c.W3CHttpResponseCodec.decode(W3CHttpResponseCodec.java:52)
	at org.openqa.selenium.remote.HttpCommandExecutor.execute(HttpCommandExecutor.java:191)
	at org.openqa.selenium.remote.RemoteWebDriver.execute(RemoteWebDriver.java:523)
	at org.openqa.selenium.remote.RemoteWebElement.execute(RemoteWebElement.java:224)
	at org.openqa.selenium.remote.RemoteWebElement.click(RemoteWebElement.java:77)
	at pages.HomePage.clickOnAddToBasketBasedOnProductName(HomePage.java:96)
	at stepDefinitions.CartSteps.user_is_navigated_to_shopping_cart_page(CartSteps.java:21)
	at ✽.User is adding &quot;Thinking in HTML&quot; book to the Shopping cart page(file:///C:/Users/mohamed.abdelrahman/Documents/QProf-Assignment/AutomationPracticeWebApp/webApp/src/test/java/features/Checkout.feature:13)
... Removed 5 stack frames</div></td></tr></table><p class="totop"><a href="#summary">back to summary</a></p>
<h3 id="m5">runners.TestRunner#runScenario</h3><table class="result"><tr class="param"><th>Parameter #1</th><th>Parameter #2</th></tr><tr class="param stripe"><td>&quot;Check that an item is exist&quot;</td><td>&quot;Add an item to the cart&quot;</td></tr><tr><th colspan="2">Exception</th></tr><tr><td colspan="2"><div class="stacktrace">org.openqa.selenium.ElementClickInterceptedException: Element &lt;a class=&quot;button product_type_simple add_to_cart_button ajax_add_to_cart&quot; href=&quot;/?add-to-cart=163&quot;&gt; is not clickable at point (959,153) because another element &lt;div class=&quot;fc-dialog-overlay&quot;&gt; obscures it
Build info: version: &apos;4.16.1&apos;, revision: &apos;9b4c83354e&apos;
System info: os.name: &apos;Windows 10&apos;, os.arch: &apos;amd64&apos;, os.version: &apos;10.0&apos;, java.version: &apos;17.0.8.1&apos;
Driver info: org.openqa.selenium.remote.RemoteWebDriver
Command: [07449a179f1ae82e8fa7492e1c85b3a432ced3e9, clickElement {id=e1f8d2f2-bcda-414f-af6f-3d4afc94fa08}]
Capabilities {acceptInsecureCerts: false, browserName: firefox, browserVersion: 121.0, moz:accessibilityChecks: false, moz:buildID: 20231211174248, moz:geckodriverVersion: 0.33.0, moz:headless: false, moz:platformVersion: 10.0, moz:processID: 3572, moz:profile: C:\Windows\proxy\rust_mozpr..., moz:shutdownTimeout: 60000, moz:webdriverClick: true, moz:windowless: false, optimalHubUrl: hub-euw.browserstack.com, pageLoadStrategy: normal, platformName: windows, proxy: Proxy(), setWindowRect: true, strictFileInteractability: false, timeouts: {implicit: 0, pageLoad: 300000, script: 30000}, unhandledPromptBehavior: dismiss and notify, webdriver.remote.sessionid: 07449a179f1ae82e8fa7492e1c8...}
Element: [[RemoteWebDriver: firefox on windows (07449a179f1ae82e8fa7492e1c85b3a432ced3e9)] -&gt; xpath: //a[contains(text(),&apos;Add to basket&apos;)]]
Session ID: 07449a179f1ae82e8fa7492e1c85b3a432ced3e9
	at org.openqa.selenium.remote.codec.w3c.W3CHttpResponseCodec.createException(W3CHttpResponseCodec.java:200)
	at org.openqa.selenium.remote.codec.w3c.W3CHttpResponseCodec.decode(W3CHttpResponseCodec.java:133)
	at org.openqa.selenium.remote.codec.w3c.W3CHttpResponseCodec.decode(W3CHttpResponseCodec.java:52)
	at org.openqa.selenium.remote.HttpCommandExecutor.execute(HttpCommandExecutor.java:191)
	at org.openqa.selenium.remote.RemoteWebDriver.execute(RemoteWebDriver.java:523)
	at org.openqa.selenium.remote.RemoteWebElement.execute(RemoteWebElement.java:224)
	at org.openqa.selenium.remote.RemoteWebElement.click(RemoteWebElement.java:77)
	at pages.HomePage.clickOnAddToBasketBasedOnProductName(HomePage.java:96)
	at stepDefinitions.ShoppingSteps.thinking_in_html_book_is_displayed_along_with_its_price(ShoppingSteps.java:34)
	at ✽.The &quot;Thinking in HTML&quot; book is displayed along with its price(file:///C:/Users/mohamed.abdelrahman/Documents/QProf-Assignment/AutomationPracticeWebApp/webApp/src/test/java/features/Shopping.feature:7)
... Removed 5 stack frames</div></td></tr></table><p class="totop"><a href="#summary">back to summary</a></p>
</body>
</html>
